0 info it worked if it ends with ok
1 verbose cli [ '/usr/bin/nodejs',
1 verbose cli   '/usr/bin/npm',
1 verbose cli   'install',
1 verbose cli   'webpack-dev-server',
1 verbose cli   '--save-dev' ]
2 info using npm@1.4.21
3 info using node@v0.10.25
4 verbose cache add [ 'webpack-dev-server', null ]
5 verbose cache add name=undefined spec="webpack-dev-server" args=["webpack-dev-server",null]
6 verbose parsed url { protocol: null,
6 verbose parsed url   slashes: null,
6 verbose parsed url   auth: null,
6 verbose parsed url   host: null,
6 verbose parsed url   port: null,
6 verbose parsed url   hostname: null,
6 verbose parsed url   hash: null,
6 verbose parsed url   search: null,
6 verbose parsed url   query: null,
6 verbose parsed url   pathname: 'webpack-dev-server',
6 verbose parsed url   path: 'webpack-dev-server',
6 verbose parsed url   href: 'webpack-dev-server' }
7 silly lockFile c567c02f-webpack-dev-server webpack-dev-server
8 verbose lock webpack-dev-server /home/alexander/.npm/c567c02f-webpack-dev-server.lock
9 silly lockFile c567c02f-webpack-dev-server webpack-dev-server
10 silly lockFile c567c02f-webpack-dev-server webpack-dev-server
11 verbose addNamed [ 'webpack-dev-server', '' ]
12 verbose addNamed [ null, '*' ]
13 silly lockFile b579fb99-webpack-dev-server webpack-dev-server@
14 verbose lock webpack-dev-server@ /home/alexander/.npm/b579fb99-webpack-dev-server.lock
15 silly addNameRange { name: 'webpack-dev-server', range: '*', hasData: false }
16 verbose request where is /webpack-dev-server
17 verbose request registry https://registry.npmjs.org/
18 verbose request id 1192d7b047687e6b
19 verbose url raw /webpack-dev-server
20 verbose url resolving [ 'https://registry.npmjs.org/', './webpack-dev-server' ]
21 verbose url resolved https://registry.npmjs.org/webpack-dev-server
22 verbose request where is https://registry.npmjs.org/webpack-dev-server
23 info trying registry request attempt 1 at 13:01:41
24 http GET https://registry.npmjs.org/webpack-dev-server
25 info retry will retry, error on last attempt: Error: getaddrinfo ENOTFOUND
26 info trying registry request attempt 2 at 13:02:11
27 http GET https://registry.npmjs.org/webpack-dev-server
28 info retry will retry, error on last attempt: Error: getaddrinfo ENOTFOUND
29 info trying registry request attempt 3 at 13:03:31
30 http GET https://registry.npmjs.org/webpack-dev-server
31 silly lockFile b579fb99-webpack-dev-server webpack-dev-server@
32 silly lockFile b579fb99-webpack-dev-server webpack-dev-server@
33 error network getaddrinfo ENOTFOUND
33 error network This is most likely not a problem with npm itself
33 error network and is related to network connectivity.
33 error network In most cases you are behind a proxy or have bad network settings.
33 error network
33 error network If you are behind a proxy, please make sure that the
33 error network 'proxy' config is set properly.  See: 'npm help config'
34 error System Linux 4.2.0-27-generic
35 error command "/usr/bin/nodejs" "/usr/bin/npm" "install" "webpack-dev-server" "--save-dev"
36 error cwd /home/alexander/PycharmProjects/reismann
37 error node -v v0.10.25
38 error npm -v 1.4.21
39 error syscall getaddrinfo
40 error code ENOTFOUND
41 error errno ENOTFOUND
42 verbose exit [ 1, true ]
